-------------------------------------
Beginning Export of all Source
AccessDB-Compiler.accdb
VCS Version 3.1.33
Using Fast Save
6/2/2020 11:13:21 AM
-------------------------------------
-------------------------------------
Exporting VB project...         AccessDB-Compiler
[1]
-------------------------------------
Exporting vbe references...     stdole
[5]
-------------------------------------
No vbe forms found in this database.
-------------------------------------
No proj properties found in this database.
-------------------------------------
No saved specs found in this database.
-------------------------------------
No shared images found in this database.
-------------------------------------
No imex specs found in this database.
-------------------------------------
Exporting db properties...      Database Properties (DAO)
[52]
-------------------------------------
Exporting tables...             CompilerSettings
  CompilerSettings (SQL)
[1]
-------------------------------------
No queries found in this database.
-------------------------------------
Exporting forms...              CompilerGUI
    Sanitized in 0.05 seconds.
  LogWindow
    Sanitized in 0.04 seconds.
[2]
-------------------------------------
No macros found in this database.
  Removing orphaned file: VersionControlSystem.bas
-------------------------------------
Exporting modules...            ImportAllMain
  ImportRelations
  FileDialogWindows
  ImportReport
  VCS_Dir
  Make
  VCS_IE_Functions
  VCS_String
  ImportDataMacro
  ImportQuery
  TestModule
  ImportReference
  ImportTable
  ImportProperty
  FileAccess
[15]
-------------------------------------
No reports found in this database.
-------------------------------------
No table data found in this database.
-------------------------------------
No table data macros found in this database.
-------------------------------------
No relations found in this database.
-------------------------------------
Exporting doc properties...     Database Documents
[1]
-------------------------------------
Exporting nav pane groups...    Groups
[1]
-------------------------------------
Done. (1.83 seconds)
